<?xml version="1.0" encoding="UTF-8"?>
<!-- Generated by org.testng.reporters.JUnitXMLReporter -->
<testsuite ignored="1" hostname="Jarvis" failures="0" tests="1" name="Default test" time="4.354" errors="0" timestamp="2023-03-23T20:17:13 IST">
  <testcase classname="com.automationtesting.OrderCompleteTest" name="endToEndTest" time="2.726"/>
  <testcase classname="com.automationtesting.OrderCompleteTest" name="lockedoutUserTest" time="0.0">
    <ignored/>
  </testcase> <!-- lockedoutUserTest -->
</testsuite> <!-- Default test -->
