<?xml version="1.0" encoding="UTF-8"?>
<testng-results ignored="1" total="2" passed="1" failed="0" skipped="0">
  <reporter-output>
  </reporter-output>
  <suite started-at="2023-03-23T20:17:09 IST" name="Default suite" finished-at="2023-03-23T20:17:13 IST" duration-ms="4354">
    <groups>
    </groups>
    <test started-at="2023-03-23T20:17:09 IST" name="Default test" finished-at="2023-03-23T20:17:13 IST" duration-ms="4354">
      <class name="com.automationtesting.OrderCompleteTest">
        <test-method is-config="true" signature="setup()[pri:0, instance:com.automationtesting.OrderCompleteTest@2805d709]" started-at="2023-03-23T20:17:09 IST" name="setup" finished-at="2023-03-23T20:17:11 IST" duration-ms="1511" status="PASS">
          <reporter-output>
          </reporter-output>
        </test-method> <!-- setup -->
        <test-method signature="endToEndTest()[pri:0, instance:com.automationtesting.OrderCompleteTest@2805d709]" started-at="2023-03-23T20:17:11 IST" name="endToEndTest" finished-at="2023-03-23T20:17:13 IST" duration-ms="2726" status="PASS">
          <reporter-output>
          </reporter-output>
        </test-method> <!-- endToEndTest -->
        <test-method is-config="true" signature="tearDown()[pri:0, instance:com.automationtesting.OrderCompleteTest@2805d709]" started-at="2023-03-23T20:17:13 IST" name="tearDown" finished-at="2023-03-23T20:17:13 IST" duration-ms="93" status="PASS">
          <reporter-output>
          </reporter-output>
        </test-method> <!-- tearDown -->
      </class> <!-- com.automationtesting.OrderCompleteTest -->
    </test> <!-- Default test -->
  </suite> <!-- Default suite -->
</testng-results>
